{"ts": "2025-08-10T14:01:22.119244+00:00", "level": "INFO", "name": "dia_core.cli.main", "msg": "DIA-Core démarré", "trade_id": null}
{"ts": "2025-08-10T14:01:22.729100+00:00", "level": "WARNING", "name": "dia_core.alerts.email_alerts", "msg": "Email non envoyé: (530, b'5.7.0 Authentication Required. For more information, go to\\n5.7.0  https://support.google.com/accounts/troubleshooter/2402620. 5b1f17b1804b1-459e5853104sm215083475e9.8 - gsmtp', 'fabienmaison.fg@gmail.com')", "trade_id": null}
{"ts": "2025-08-10T14:01:22.730131+00:00", "level": "INFO", "name": "dia_core.data.provider", "msg": "Téléchargement OHLC depuis Kraken", "trade_id": null}
{"ts": "2025-08-10T14:01:22.733236+00:00", "level": "INFO", "name": "dia_core.data.cache", "msg": "Parquet indisponible, skip write (state\\cache\\XXBTZEUR_1.parquet): Unable to find a usable engine; tried using: 'pyarrow', 'fastparquet'.\nA suitable version of pyarrow or fastparquet is required for parquet support.\nTrying to import the above resulted in these errors:\n - Missing optional dependency 'pyarrow'. pyarrow is required for parquet support. Use pip or conda to install pyarrow.\n - Missing optional dependency 'fastparquet'. fastparquet is required for parquet support. Use pip or conda to install fastparquet.", "trade_id": null}
{"ts": "2025-08-10T14:01:22.735426+00:00", "level": "INFO", "name": "dia_core.exec.executor", "msg": "Dry-run : ordre simulé", "trade_id": null, "extra": {"component": "executor"}}
{"ts": "2025-08-10T14:01:23.269225+00:00", "level": "INFO", "name": "dia_core.kraken", "msg": "Dry-run AddOrder", "trade_id": null, "extra": {"txid": "DIA-DRYRUN-1754834483269"}}
{"ts": "2025-08-10T14:02:13.639783+00:00", "level": "INFO", "name": "dia_core.cli.main", "msg": "DIA-Core démarré", "trade_id": null}
{"ts": "2025-08-10T14:02:14.222397+00:00", "level": "WARNING", "name": "dia_core.alerts.email_alerts", "msg": "Email non envoyé: (530, b'5.7.0 Authentication Required. For more information, go to\\n5.7.0  https://support.google.com/accounts/troubleshooter/2402620. 5b1f17b1804b1-459e6867193sm213283175e9.6 - gsmtp', 'fabienmaison.fg@gmail.com')", "trade_id": null}
{"ts": "2025-08-10T14:02:14.223430+00:00", "level": "INFO", "name": "dia_core.data.provider", "msg": "Téléchargement OHLC depuis Kraken", "trade_id": null}
{"ts": "2025-08-10T14:02:14.226686+00:00", "level": "INFO", "name": "dia_core.data.cache", "msg": "Parquet indisponible, skip write (state\\cache\\XXBTZEUR_1.parquet): Unable to find a usable engine; tried using: 'pyarrow', 'fastparquet'.\nA suitable version of pyarrow or fastparquet is required for parquet support.\nTrying to import the above resulted in these errors:\n - Missing optional dependency 'pyarrow'. pyarrow is required for parquet support. Use pip or conda to install pyarrow.\n - Missing optional dependency 'fastparquet'. fastparquet is required for parquet support. Use pip or conda to install fastparquet.", "trade_id": null}
{"ts": "2025-08-10T14:02:14.230457+00:00", "level": "INFO", "name": "dia_core.exec.executor", "msg": "Dry-run : ordre simulé", "trade_id": null, "extra": {"component": "executor"}}
{"ts": "2025-08-10T14:02:14.777913+00:00", "level": "INFO", "name": "dia_core.kraken", "msg": "Dry-run AddOrder", "trade_id": null, "extra": {"txid": "DIA-DRYRUN-1754834534777"}}
{"ts": "2025-08-10T14:04:41.557851+00:00", "level": "INFO", "name": "dia_core.cli.main", "msg": "DIA-Core démarré", "trade_id": null}
{"ts": "2025-08-10T14:04:42.138713+00:00", "level": "WARNING", "name": "dia_core.alerts.email_alerts", "msg": "Email non envoyé: (530, b'5.7.0 Authentication Required. For more information, go to\\n5.7.0  https://support.google.com/accounts/troubleshooter/2402620. ffacd0b85a97d-3b79c3bf93dsm37351296f8f.27 - gsmtp', 'fabienmaison.fg@gmail.com')", "trade_id": null}
{"ts": "2025-08-10T14:04:42.139807+00:00", "level": "INFO", "name": "dia_core.data.provider", "msg": "Téléchargement OHLC depuis Kraken", "trade_id": null}
{"ts": "2025-08-10T14:04:42.143943+00:00", "level": "INFO", "name": "dia_core.data.cache", "msg": "Parquet indisponible, skip write (state\\cache\\XXBTZEUR_1.parquet): Unable to find a usable engine; tried using: 'pyarrow', 'fastparquet'.\nA suitable version of pyarrow or fastparquet is required for parquet support.\nTrying to import the above resulted in these errors:\n - Missing optional dependency 'pyarrow'. pyarrow is required for parquet support. Use pip or conda to install pyarrow.\n - Missing optional dependency 'fastparquet'. fastparquet is required for parquet support. Use pip or conda to install fastparquet.", "trade_id": null}
{"ts": "2025-08-10T14:04:42.147330+00:00", "level": "INFO", "name": "dia_core.exec.executor", "msg": "Dry-run : ordre simulé", "trade_id": null, "extra": {"component": "executor"}}
{"ts": "2025-08-10T14:04:42.692410+00:00", "level": "INFO", "name": "dia_core.kraken", "msg": "Dry-run AddOrder", "trade_id": null, "extra": {"txid": "DIA-DRYRUN-1754834682692"}}
{"ts": "2025-08-10T14:05:51.349732+00:00", "level": "INFO", "name": "dia_core.cli.main", "msg": "DIA-Core démarré", "trade_id": null}
{"ts": "2025-08-10T14:05:51.951838+00:00", "level": "WARNING", "name": "dia_core.alerts.email_alerts", "msg": "Email non envoyé: (530, b'5.7.0 Authentication Required. For more information, go to\\n5.7.0  https://support.google.com/accounts/troubleshooter/2402620. 5b1f17b1804b1-45923c34af8sm316945505e9.24 - gsmtp', 'fabienmaison.fg@gmail.com')", "trade_id": null}
{"ts": "2025-08-10T14:05:51.952935+00:00", "level": "INFO", "name": "dia_core.data.provider", "msg": "Téléchargement OHLC depuis Kraken", "trade_id": null}
{"ts": "2025-08-10T14:05:51.955999+00:00", "level": "INFO", "name": "dia_core.data.cache", "msg": "Parquet indisponible, skip write (state\\cache\\XXBTZEUR_1.parquet): Unable to find a usable engine; tried using: 'pyarrow', 'fastparquet'.\nA suitable version of pyarrow or fastparquet is required for parquet support.\nTrying to import the above resulted in these errors:\n - Missing optional dependency 'pyarrow'. pyarrow is required for parquet support. Use pip or conda to install pyarrow.\n - Missing optional dependency 'fastparquet'. fastparquet is required for parquet support. Use pip or conda to install fastparquet.", "trade_id": null}
{"ts": "2025-08-10T14:05:51.959525+00:00", "level": "INFO", "name": "dia_core.exec.executor", "msg": "Dry-run : ordre simulé", "trade_id": null, "extra": {"component": "executor"}}
{"ts": "2025-08-10T14:05:52.491281+00:00", "level": "INFO", "name": "dia_core.kraken", "msg": "Dry-run AddOrder", "trade_id": null, "extra": {"txid": "DIA-DRYRUN-1754834752491"}}
